<?xml version="1.0" encoding="UTF-8"?>
<!-- Generated by org.testng.reporters.JUnitReportReporter -->
<testsuite skipped="0" hostname="DESKTOP-DJ4GJMT" name="testcase.TC004_DeleteLead" tests="1" failures="0" timestamp="2022-12-31T14:25:38 IST" time="112.893" errors="0">
  <testcase name="runDeleteLead" time="112.893" classname="testcase.TC004_DeleteLead"/>
  <system-out/>
</testsuite> <!-- testcase.TC004_DeleteLead -->
