<?xml version="1.0" encoding="UTF-8"?>
<!-- Generated by org.testng.reporters.JUnitReportReporter -->
<testsuite skipped="0" hostname="DESKTOP-DJ4GJMT" name="testcase.TC001_CreateLeadLT" tests="5" failures="0" timestamp="2022-12-31T14:25:38 IST" time="551.502" errors="0">
  <testcase name="runCreateLeadLT" time="111.255" classname="testcase.TC001_CreateLeadLT"/>
  <system-out/>
  <testcase name="runCreateLeadLT" time="109.006" classname="testcase.TC001_CreateLeadLT"/>
  <system-out/>
  <testcase name="runCreateLeadLT" time="111.844" classname="testcase.TC001_CreateLeadLT"/>
  <system-out/>
  <testcase name="runCreateLeadLT" time="109.251" classname="testcase.TC001_CreateLeadLT"/>
  <system-out/>
  <testcase name="runCreateLeadLT" time="110.146" classname="testcase.TC001_CreateLeadLT"/>
  <system-out/>
</testsuite> <!-- testcase.TC001_CreateLeadLT -->
