<?xml version="1.0" encoding="UTF-8"?>
<!-- Generated by org.testng.reporters.JUnitReportReporter -->
<testsuite skipped="0" hostname="DESKTOP-DJ4GJMT" name="testcase.TC003_DuplicateLeadLT" tests="1" failures="0" timestamp="2022-12-31T14:25:38 IST" time="135.902" errors="0">
  <testcase name="runDuplicateLeadLT" time="135.902" classname="testcase.TC003_DuplicateLeadLT"/>
  <system-out/>
</testsuite> <!-- testcase.TC003_DuplicateLeadLT -->
