<?xml version="1.0" encoding="UTF-8"?>
<!-- Generated by org.testng.reporters.JUnitReportReporter -->
<testsuite skipped="0" hostname="DESKTOP-DJ4GJMT" name="testcase.TC002_EditLeadLT" tests="5" failures="0" timestamp="2022-12-31T14:25:38 IST" time="417.981" errors="0">
  <testcase name="runEditLead" time="92.567" classname="testcase.TC002_EditLeadLT"/>
  <system-out/>
  <testcase name="runEditLead" time="87.628" classname="testcase.TC002_EditLeadLT"/>
  <system-out/>
  <testcase name="runEditLead" time="90.952" classname="testcase.TC002_EditLeadLT"/>
  <system-out/>
  <testcase name="runEditLead" time="82.458" classname="testcase.TC002_EditLeadLT"/>
  <system-out/>
  <testcase name="runEditLead" time="64.376" classname="testcase.TC002_EditLeadLT"/>
  <system-out/>
</testsuite> <!-- testcase.TC002_EditLeadLT -->
