<?xml version="1.0" encoding="UTF-8"?>
<!-- Generated by org.testng.reporters.JUnitReportReporter -->
<testsuite skipped="0" hostname="DESKTOP-DJ4GJMT" name="testcases.TC02_LoginTest" tests="1" failures="0" timestamp="2022-12-24T18:31:52 IST" time="24.094" errors="0">
  <testcase name="runLoing" time="24.094" classname="testcases.TC02_LoginTest"/>
  <system-out/>
</testsuite> <!-- testcases.TC02_LoginTest -->
