<?xml version="1.0" encoding="UTF-8"?>
<!-- Generated by org.testng.reporters.JUnitReportReporter -->
<testsuite skipped="0" hostname="DESKTOP-DJ4GJMT" name="testcases.TC04_DeleteLead" tests="1" failures="0" timestamp="2022-12-25T13:12:25 IST" time="46.088" errors="0">
  <testcase name="runDeleteLead" time="46.088" classname="testcases.TC04_DeleteLead"/>
  <system-out/>
</testsuite> <!-- testcases.TC04_DeleteLead -->
