<?xml version="1.0" encoding="UTF-8"?>
<!-- Generated by org.testng.reporters.JUnitReportReporter -->
<testsuite skipped="0" hostname="DESKTOP-DJ4GJMT" name="testcases.TC03_DuplicateLead" tests="1" failures="0" timestamp="2022-12-25T13:12:25 IST" time="59.978" errors="0">
  <testcase name="runDuplicateLead" time="59.978" classname="testcases.TC03_DuplicateLead"/>
  <system-out/>
</testsuite> <!-- testcases.TC03_DuplicateLead -->
