<?xml version="1.0" encoding="UTF-8"?>
<!-- Generated by org.testng.reporters.JUnitReportReporter -->
<testsuite skipped="0" hostname="DESKTOP-DJ4GJMT" name="testcases.TC01_CreateLead" tests="5" failures="0" timestamp="2022-12-25T13:12:25 IST" time="116.717" errors="0">
  <testcase name="runCreateLead" time="21.737" classname="testcases.TC01_CreateLead"/>
  <system-out/>
  <testcase name="runCreateLead" time="25.246" classname="testcases.TC01_CreateLead"/>
  <system-out/>
  <testcase name="runCreateLead" time="21.133" classname="testcases.TC01_CreateLead"/>
  <system-out/>
  <testcase name="runCreateLead" time="24.893" classname="testcases.TC01_CreateLead"/>
  <system-out/>
  <testcase name="runCreateLead" time="23.708" classname="testcases.TC01_CreateLead"/>
  <system-out/>
</testsuite> <!-- testcases.TC01_CreateLead -->
