<?xml version="1.0" encoding="UTF-8"?>
<!-- Generated by org.testng.reporters.JUnitReportReporter -->
<testsuite skipped="0" hostname="DESKTOP-DJ4GJMT" name="testcases.TC02_EditLead" tests="5" failures="0" timestamp="2022-12-25T13:12:25 IST" time="298.658" errors="0">
  <testcase name="runEditLead" time="57.749" classname="testcases.TC02_EditLead"/>
  <system-out/>
  <testcase name="runEditLead" time="58.393" classname="testcases.TC02_EditLead"/>
  <system-out/>
  <testcase name="runEditLead" time="57.350" classname="testcases.TC02_EditLead"/>
  <system-out/>
  <testcase name="runEditLead" time="62.310" classname="testcases.TC02_EditLead"/>
  <system-out/>
  <testcase name="runEditLead" time="62.856" classname="testcases.TC02_EditLead"/>
  <system-out/>
</testsuite> <!-- testcases.TC02_EditLead -->
